<?xml version="1.0" encoding="UTF-8"?>
<testsuite name="com.example.week01_project2.ExampleUnitTest" tests="1" skipped="0" failures="0" errors="0" timestamp="2024-12-31T02:53:10" hostname="Seoeunui-MacBookPro.local" time="0.001">
  <properties/>
  <testcase name="addition_isCorrect" classname="com.example.week01_project2.ExampleUnitTest" time="0.001"/>
  <system-out><![CDATA[]]></system-out>
  <system-err><![CDATA[]]></system-err>
</testsuite>
